This is pdfTeX, Version 3.14159265-2.6-1.40.16 (MiKTeX 2.9) (preloaded format=pdflatex 2016.3.18)  7 DEC 2016 09:21
entering extended mode
**./tesi.tex
(tesi.tex
LaTeX2e <2016/02/01>
Babel <3.9q> and hyphenation patterns for 70 language(s) loaded.
("C:\Users\Giada\AppData\Local\Programs\MiKTeX 2.9\tex\latex\base\report.cls"
Document Class: report 2014/09/29 v1.4h Standard LaTeX document class
("C:\Users\Giada\AppData\Local\Programs\MiKTeX 2.9\tex\latex\base\size12.clo"
File: size12.clo 2014/09/29 v1.4h Standard LaTeX file (size option)
)
\c@part=\count79
\c@chapter=\count80
\c@section=\count81
\c@subsection=\count82
\c@subsubsection=\count83
\c@paragraph=\count84
\c@subparagraph=\count85
\c@figure=\count86
\c@table=\count87
\abovecaptionskip=\skip41
\belowcaptionskip=\skip42
\bibindent=\dimen102
) ("C:\Users\Giada\AppData\Local\Programs\MiKTeX 2.9\tex\generic\babel\babel.st
y"
Package: babel 2016/02/09 3.9q The Babel package

*************************************
* Local config file bblopts.cfg used
*

("C:\Users\Giada\AppData\Local\Programs\MiKTeX 2.9\tex\latex\00miktex\bblopts.c
fg"
File: bblopts.cfg 2006/07/31 v1.0 MiKTeX 'babel' configuration
)
("C:\Users\Giada\AppData\Local\Programs\MiKTeX 2.9\tex\latex\babel-italian\ital
ian.ldf"
Language: italian 2015/03/26 v1.3n Italian support from the babel system

("C:\Users\Giada\AppData\Local\Programs\MiKTeX 2.9\tex\generic\babel\babel.def"
File: babel.def 2016/02/09 3.9q Babel common definitions
\babel@savecnt=\count88
\U@D=\dimen103
)
\it@lettering=\count89
\it@doublequoteactive=\count90
\it@ISOcompliance=\count91
))
("C:\Users\Giada\AppData\Local\Programs\MiKTeX 2.9\tex\latex\etoolbox\etoolbox.
sty"
Package: etoolbox 2015/08/02 v2.2a e-TeX tools for LaTeX (JAW)
\etb@tempcnta=\count92
)
("C:\Users\Giada\AppData\Local\Programs\MiKTeX 2.9\tex\latex\base\fontenc.sty"
Package: fontenc 2005/09/27 v1.99g Standard LaTeX package

("C:\Users\Giada\AppData\Local\Programs\MiKTeX 2.9\tex\latex\base\t1enc.def"
File: t1enc.def 2005/09/27 v1.99g Standard LaTeX file
LaTeX Font Info:    Redeclaring font encoding T1 on input line 48.
))
("C:\Users\Giada\AppData\Local\Programs\MiKTeX 2.9\tex\latex\base\inputenc.sty"
Package: inputenc 2015/03/17 v1.2c Input encoding file
\inpenc@prehook=\toks14
\inpenc@posthook=\toks15
("C:\Users\Giada\AppData\Local\Programs\MiKTeX 2.9\tex\latex\base\utf8.def"
File: utf8.def 2015/12/03 v1.1r UTF-8 support for inputenc
Now handling font encoding OML ...
... no UTF-8 mapping file for font encoding OML
Now handling font encoding T1 ...
... processing UTF-8 mapping file for font encoding T1

("C:\Users\Giada\AppData\Local\Programs\MiKTeX 2.9\tex\latex\base\t1enc.dfu"
File: t1enc.dfu 2015/12/03 v1.1r UTF-8 support for inputenc
   defining Unicode char U+00A0 (decimal 160)
   defining Unicode char U+00A1 (decimal 161)
   defining Unicode char U+00A3 (decimal 163)
   defining Unicode char U+00AB (decimal 171)
   defining Unicode char U+00AD (decimal 173)
   defining Unicode char U+00BB (decimal 187)
   defining Unicode char U+00BF (decimal 191)
   defining Unicode char U+00C0 (decimal 192)
   defining Unicode char U+00C1 (decimal 193)
   defining Unicode char U+00C2 (decimal 194)
   defining Unicode char U+00C3 (decimal 195)
   defining Unicode char U+00C4 (decimal 196)
   defining Unicode char U+00C5 (decimal 197)
   defining Unicode char U+00C6 (decimal 198)
   defining Unicode char U+00C7 (decimal 199)
   defining Unicode char U+00C8 (decimal 200)
   defining Unicode char U+00C9 (decimal 201)
   defining Unicode char U+00CA (decimal 202)
   defining Unicode char U+00CB (decimal 203)
   defining Unicode char U+00CC (decimal 204)
   defining Unicode char U+00CD (decimal 205)
   defining Unicode char U+00CE (decimal 206)
   defining Unicode char U+00CF (decimal 207)
   defining Unicode char U+00D0 (decimal 208)
   defining Unicode char U+00D1 (decimal 209)
   defining Unicode char U+00D2 (decimal 210)
   defining Unicode char U+00D3 (decimal 211)
   defining Unicode char U+00D4 (decimal 212)
   defining Unicode char U+00D5 (decimal 213)
   defining Unicode char U+00D6 (decimal 214)
   defining Unicode char U+00D8 (decimal 216)
   defining Unicode char U+00D9 (decimal 217)
   defining Unicode char U+00DA (decimal 218)
   defining Unicode char U+00DB (decimal 219)
   defining Unicode char U+00DC (decimal 220)
   defining Unicode char U+00DD (decimal 221)
   defining Unicode char U+00DE (decimal 222)
   defining Unicode char U+00DF (decimal 223)
   defining Unicode char U+00E0 (decimal 224)
   defining Unicode char U+00E1 (decimal 225)
   defining Unicode char U+00E2 (decimal 226)
   defining Unicode char U+00E3 (decimal 227)
   defining Unicode char U+00E4 (decimal 228)
   defining Unicode char U+00E5 (decimal 229)
   defining Unicode char U+00E6 (decimal 230)
   defining Unicode char U+00E7 (decimal 231)
   defining Unicode char U+00E8 (decimal 232)
   defining Unicode char U+00E9 (decimal 233)
   defining Unicode char U+00EA (decimal 234)
   defining Unicode char U+00EB (decimal 235)
   defining Unicode char U+00EC (decimal 236)
   defining Unicode char U+00ED (decimal 237)
   defining Unicode char U+00EE (decimal 238)
   defining Unicode char U+00EF (decimal 239)
   defining Unicode char U+00F0 (decimal 240)
   defining Unicode char U+00F1 (decimal 241)
   defining Unicode char U+00F2 (decimal 242)
   defining Unicode char U+00F3 (decimal 243)
   defining Unicode char U+00F4 (decimal 244)
   defining Unicode char U+00F5 (decimal 245)
   defining Unicode char U+00F6 (decimal 246)
   defining Unicode char U+00F8 (decimal 248)
   defining Unicode char U+00F9 (decimal 249)
   defining Unicode char U+00FA (decimal 250)
   defining Unicode char U+00FB (decimal 251)
   defining Unicode char U+00FC (decimal 252)
   defining Unicode char U+00FD (decimal 253)
   defining Unicode char U+00FE (decimal 254)
   defining Unicode char U+00FF (decimal 255)
   defining Unicode char U+0100 (decimal 256)
   defining Unicode char U+0101 (decimal 257)
   defining Unicode char U+0102 (decimal 258)
   defining Unicode char U+0103 (decimal 259)
   defining Unicode char U+0104 (decimal 260)
   defining Unicode char U+0105 (decimal 261)
   defining Unicode char U+0106 (decimal 262)
   defining Unicode char U+0107 (decimal 263)
   defining Unicode char U+0108 (decimal 264)
   defining Unicode char U+0109 (decimal 265)
   defining Unicode char U+010A (decimal 266)
   defining Unicode char U+010B (decimal 267)
   defining Unicode char U+010C (decimal 268)
   defining Unicode char U+010D (decimal 269)
   defining Unicode char U+010E (decimal 270)
   defining Unicode char U+010F (decimal 271)
   defining Unicode char U+0110 (decimal 272)
   defining Unicode char U+0111 (decimal 273)
   defining Unicode char U+0112 (decimal 274)
   defining Unicode char U+0113 (decimal 275)
   defining Unicode char U+0114 (decimal 276)
   defining Unicode char U+0115 (decimal 277)
   defining Unicode char U+0116 (decimal 278)
   defining Unicode char U+0117 (decimal 279)
   defining Unicode char U+0118 (decimal 280)
   defining Unicode char U+0119 (decimal 281)
   defining Unicode char U+011A (decimal 282)
   defining Unicode char U+011B (decimal 283)
   defining Unicode char U+011C (decimal 284)
   defining Unicode char U+011D (decimal 285)
   defining Unicode char U+011E (decimal 286)
   defining Unicode char U+011F (decimal 287)
   defining Unicode char U+0120 (decimal 288)
   defining Unicode char U+0121 (decimal 289)
   defining Unicode char U+0122 (decimal 290)
   defining Unicode char U+0123 (decimal 291)
   defining Unicode char U+0124 (decimal 292)
   defining Unicode char U+0125 (decimal 293)
   defining Unicode char U+0128 (decimal 296)
   defining Unicode char U+0129 (decimal 297)
   defining Unicode char U+012A (decimal 298)
   defining Unicode char U+012B (decimal 299)
   defining Unicode char U+012C (decimal 300)
   defining Unicode char U+012D (decimal 301)
   defining Unicode char U+012E (decimal 302)
   defining Unicode char U+012F (decimal 303)
   defining Unicode char U+0130 (decimal 304)
   defining Unicode char U+0131 (decimal 305)
   defining Unicode char U+0132 (decimal 306)
   defining Unicode char U+0133 (decimal 307)
   defining Unicode char U+0134 (decimal 308)
   defining Unicode char U+0135 (decimal 309)
   defining Unicode char U+0136 (decimal 310)
   defining Unicode char U+0137 (decimal 311)
   defining Unicode char U+0139 (decimal 313)
   defining Unicode char U+013A (decimal 314)
   defining Unicode char U+013B (decimal 315)
   defining Unicode char U+013C (decimal 316)
   defining Unicode char U+013D (decimal 317)
   defining Unicode char U+013E (decimal 318)
   defining Unicode char U+0141 (decimal 321)
   defining Unicode char U+0142 (decimal 322)
   defining Unicode char U+0143 (decimal 323)
   defining Unicode char U+0144 (decimal 324)
   defining Unicode char U+0145 (decimal 325)
   defining Unicode char U+0146 (decimal 326)
   defining Unicode char U+0147 (decimal 327)
   defining Unicode char U+0148 (decimal 328)
   defining Unicode char U+014A (decimal 330)
   defining Unicode char U+014B (decimal 331)
   defining Unicode char U+014C (decimal 332)
   defining Unicode char U+014D (decimal 333)
   defining Unicode char U+014E (decimal 334)
   defining Unicode char U+014F (decimal 335)
   defining Unicode char U+0150 (decimal 336)
   defining Unicode char U+0151 (decimal 337)
   defining Unicode char U+0152 (decimal 338)
   defining Unicode char U+0153 (decimal 339)
   defining Unicode char U+0154 (decimal 340)
   defining Unicode char U+0155 (decimal 341)
   defining Unicode char U+0156 (decimal 342)
   defining Unicode char U+0157 (decimal 343)
   defining Unicode char U+0158 (decimal 344)
   defining Unicode char U+0159 (decimal 345)
   defining Unicode char U+015A (decimal 346)
   defining Unicode char U+015B (decimal 347)
   defining Unicode char U+015C (decimal 348)
   defining Unicode char U+015D (decimal 349)
   defining Unicode char U+015E (decimal 350)
   defining Unicode char U+015F (decimal 351)
   defining Unicode char U+0160 (decimal 352)
   defining Unicode char U+0161 (decimal 353)
   defining Unicode char U+0162 (decimal 354)
   defining Unicode char U+0163 (decimal 355)
   defining Unicode char U+0164 (decimal 356)
   defining Unicode char U+0165 (decimal 357)
   defining Unicode char U+0168 (decimal 360)
   defining Unicode char U+0169 (decimal 361)
   defining Unicode char U+016A (decimal 362)
   defining Unicode char U+016B (decimal 363)
   defining Unicode char U+016C (decimal 364)
   defining Unicode char U+016D (decimal 365)
   defining Unicode char U+016E (decimal 366)
   defining Unicode char U+016F (decimal 367)
   defining Unicode char U+0170 (decimal 368)
   defining Unicode char U+0171 (decimal 369)
   defining Unicode char U+0172 (decimal 370)
   defining Unicode char U+0173 (decimal 371)
   defining Unicode char U+0174 (decimal 372)
   defining Unicode char U+0175 (decimal 373)
   defining Unicode char U+0176 (decimal 374)
   defining Unicode char U+0177 (decimal 375)
   defining Unicode char U+0178 (decimal 376)
   defining Unicode char U+0179 (decimal 377)
   defining Unicode char U+017A (decimal 378)
   defining Unicode char U+017B (decimal 379)
   defining Unicode char U+017C (decimal 380)
   defining Unicode char U+017D (decimal 381)
   defining Unicode char U+017E (decimal 382)
   defining Unicode char U+01CD (decimal 461)
   defining Unicode char U+01CE (decimal 462)
   defining Unicode char U+01CF (decimal 463)
   defining Unicode char U+01D0 (decimal 464)
   defining Unicode char U+01D1 (decimal 465)
   defining Unicode char U+01D2 (decimal 466)
   defining Unicode char U+01D3 (decimal 467)
   defining Unicode char U+01D4 (decimal 468)
   defining Unicode char U+01E2 (decimal 482)
   defining Unicode char U+01E3 (decimal 483)
   defining Unicode char U+01E6 (decimal 486)
   defining Unicode char U+01E7 (decimal 487)
   defining Unicode char U+01E8 (decimal 488)
   defining Unicode char U+01E9 (decimal 489)
   defining Unicode char U+01EA (decimal 490)
   defining Unicode char U+01EB (decimal 491)
   defining Unicode char U+01F0 (decimal 496)
   defining Unicode char U+01F4 (decimal 500)
   defining Unicode char U+01F5 (decimal 501)
   defining Unicode char U+0218 (decimal 536)
   defining Unicode char U+0219 (decimal 537)
   defining Unicode char U+021A (decimal 538)
   defining Unicode char U+021B (decimal 539)
   defining Unicode char U+01E02 (decimal 7682)
   defining Unicode char U+01E03 (decimal 7683)
   defining Unicode char U+200C (decimal 8204)
   defining Unicode char U+2013 (decimal 8211)
   defining Unicode char U+2014 (decimal 8212)
   defining Unicode char U+2018 (decimal 8216)
   defining Unicode char U+2019 (decimal 8217)
   defining Unicode char U+201A (decimal 8218)
   defining Unicode char U+201C (decimal 8220)
   defining Unicode char U+201D (decimal 8221)
   defining Unicode char U+201E (decimal 8222)
   defining Unicode char U+2030 (decimal 8240)
   defining Unicode char U+2031 (decimal 8241)
   defining Unicode char U+2039 (decimal 8249)
   defining Unicode char U+203A (decimal 8250)
   defining Unicode char U+2423 (decimal 9251)
)
Now handling font encoding OT1 ...
... processing UTF-8 mapping file for font encoding OT1

("C:\Users\Giada\AppData\Local\Programs\MiKTeX 2.9\tex\latex\base\ot1enc.dfu"
File: ot1enc.dfu 2015/12/03 v1.1r UTF-8 support for inputenc
   defining Unicode char U+00A0 (decimal 160)
   defining Unicode char U+00A1 (decimal 161)
   defining Unicode char U+00A3 (decimal 163)
   defining Unicode char U+00AD (decimal 173)
   defining Unicode char U+00B8 (decimal 184)
   defining Unicode char U+00BF (decimal 191)
   defining Unicode char U+00C5 (decimal 197)
   defining Unicode char U+00C6 (decimal 198)
   defining Unicode char U+00D8 (decimal 216)
   defining Unicode char U+00DF (decimal 223)
   defining Unicode char U+00E6 (decimal 230)
   defining Unicode char U+00EC (decimal 236)
   defining Unicode char U+00ED (decimal 237)
   defining Unicode char U+00EE (decimal 238)
   defining Unicode char U+00EF (decimal 239)
   defining Unicode char U+00F8 (decimal 248)
   defining Unicode char U+0131 (decimal 305)
   defining Unicode char U+0141 (decimal 321)
   defining Unicode char U+0142 (decimal 322)
   defining Unicode char U+0152 (decimal 338)
   defining Unicode char U+0153 (decimal 339)
   defining Unicode char U+0174 (decimal 372)
   defining Unicode char U+0175 (decimal 373)
   defining Unicode char U+0176 (decimal 374)
   defining Unicode char U+0177 (decimal 375)
   defining Unicode char U+0218 (decimal 536)
   defining Unicode char U+0219 (decimal 537)
   defining Unicode char U+021A (decimal 538)
   defining Unicode char U+021B (decimal 539)
   defining Unicode char U+2013 (decimal 8211)
   defining Unicode char U+2014 (decimal 8212)
   defining Unicode char U+2018 (decimal 8216)
   defining Unicode char U+2019 (decimal 8217)
   defining Unicode char U+201C (decimal 8220)
   defining Unicode char U+201D (decimal 8221)
)
Now handling font encoding OMS ...
... processing UTF-8 mapping file for font encoding OMS

("C:\Users\Giada\AppData\Local\Programs\MiKTeX 2.9\tex\latex\base\omsenc.dfu"
File: omsenc.dfu 2015/12/03 v1.1r UTF-8 support for inputenc
   defining Unicode char U+00A7 (decimal 167)
   defining Unicode char U+00B6 (decimal 182)
   defining Unicode char U+00B7 (decimal 183)
   defining Unicode char U+2020 (decimal 8224)
   defining Unicode char U+2021 (decimal 8225)
   defining Unicode char U+2022 (decimal 8226)
)
Now handling font encoding OMX ...
... no UTF-8 mapping file for font encoding OMX
Now handling font encoding U ...
... no UTF-8 mapping file for font encoding U
   defining Unicode char U+00A9 (decimal 169)
   defining Unicode char U+00AA (decimal 170)
   defining Unicode char U+00AE (decimal 174)
   defining Unicode char U+00BA (decimal 186)
   defining Unicode char U+02C6 (decimal 710)
   defining Unicode char U+02DC (decimal 732)
   defining Unicode char U+200C (decimal 8204)
   defining Unicode char U+2026 (decimal 8230)
   defining Unicode char U+2122 (decimal 8482)
   defining Unicode char U+2423 (decimal 9251)
))
("C:\Users\Giada\AppData\Local\Programs\MiKTeX 2.9\tex\latex\fancyhdr\fancyhdr.
sty"
\fancy@headwidth=\skip43
\f@ncyO@elh=\skip44
\f@ncyO@erh=\skip45
\f@ncyO@olh=\skip46
\f@ncyO@orh=\skip47
\f@ncyO@elf=\skip48
\f@ncyO@erf=\skip49
\f@ncyO@olf=\skip50
\f@ncyO@orf=\skip51
)
("C:\Users\Giada\AppData\Local\Programs\MiKTeX 2.9\tex\latex\tools\indentfirst.
sty"
Package: indentfirst 1995/11/23 v1.03 Indent first paragraph (DPC)
)
("C:\Users\Giada\AppData\Local\Programs\MiKTeX 2.9\tex\latex\graphics\graphicx.
sty"
Package: graphicx 2014/10/28 v1.0g Enhanced LaTeX Graphics (DPC,SPQR)

("C:\Users\Giada\AppData\Local\Programs\MiKTeX 2.9\tex\latex\graphics\keyval.st
y"
Package: keyval 2014/10/28 v1.15 key=value parser (DPC)
\KV@toks@=\toks16
)
("C:\Users\Giada\AppData\Local\Programs\MiKTeX 2.9\tex\latex\graphics\graphics.
sty"
Package: graphics 2016/01/03 v1.0q Standard LaTeX Graphics (DPC,SPQR)

("C:\Users\Giada\AppData\Local\Programs\MiKTeX 2.9\tex\latex\graphics\trig.sty"
Package: trig 2016/01/03 v1.10 sin cos tan (DPC)
)
("C:\Users\Giada\AppData\Local\Programs\MiKTeX 2.9\tex\latex\00miktex\graphics.
cfg"
File: graphics.cfg 2010/04/23 v1.9 graphics configuration of TeX Live
)
Package graphics Info: Driver file: pdftex.def on input line 95.

("C:\Users\Giada\AppData\Local\Programs\MiKTeX 2.9\tex\latex\pdftex-def\pdftex.
def"
File: pdftex.def 2011/05/27 v0.06d Graphics/color for pdfTeX

("C:\Users\Giada\AppData\Local\Programs\MiKTeX 2.9\tex\generic\oberdiek\infware
rr.sty"
Package: infwarerr 2010/04/08 v1.3 Providing info/warning/error messages (HO)
)
("C:\Users\Giada\AppData\Local\Programs\MiKTeX 2.9\tex\generic\oberdiek\ltxcmds
.sty"
Package: ltxcmds 2011/11/09 v1.22 LaTeX kernel commands for general use (HO)
)
\Gread@gobject=\count93
))
\Gin@req@height=\dimen104
\Gin@req@width=\dimen105
)
("C:\Users\Giada\AppData\Local\Programs\MiKTeX 2.9\tex\latex\base\newlfont.sty"
Package: newlfont 1998/08/17 v2.2m Standard LaTeX package
LaTeX Info: Redefining \em on input line 72.
("C:\Users\Giada\AppData\Local\Programs\MiKTeX 2.9\tex\latex\base\latexsym.sty"
Package: latexsym 1998/08/17 v2.2e Standard LaTeX package (lasy symbols)
\symlasy=\mathgroup4
LaTeX Font Info:    Overwriting symbol font `lasy' in version `bold'
(Font)                  U/lasy/m/n --> U/lasy/b/n on input line 52.
))
("C:\Users\Giada\AppData\Local\Programs\MiKTeX 2.9\tex\latex\amsfonts\amssymb.s
ty"
Package: amssymb 2013/01/14 v3.01 AMS font symbols

("C:\Users\Giada\AppData\Local\Programs\MiKTeX 2.9\tex\latex\amsfonts\amsfonts.
sty"
Package: amsfonts 2013/01/14 v3.01 Basic AMSFonts support
\@emptytoks=\toks17
\symAMSa=\mathgroup5
\symAMSb=\mathgroup6
LaTeX Font Info:    Overwriting math alphabet `\mathfrak' in version `bold'
(Font)                  U/euf/m/n --> U/euf/b/n on input line 106.
))
("C:\Users\Giada\AppData\Local\Programs\MiKTeX 2.9\tex\latex\amsmath\amsmath.st
y"
Package: amsmath 2013/01/14 v2.14 AMS math features
\@mathmargin=\skip52

For additional information on amsmath, use the `?' option.

("C:\Users\Giada\AppData\Local\Programs\MiKTeX 2.9\tex\latex\amsmath\amstext.st
y"
Package: amstext 2000/06/29 v2.01

("C:\Users\Giada\AppData\Local\Programs\MiKTeX 2.9\tex\latex\amsmath\amsgen.sty
"
File: amsgen.sty 1999/11/30 v2.0
\@emptytoks=\toks18
\ex@=\dimen106
))
("C:\Users\Giada\AppData\Local\Programs\MiKTeX 2.9\tex\latex\amsmath\amsbsy.sty
"
Package: amsbsy 1999/11/29 v1.2d
\pmbraise@=\dimen107
)
("C:\Users\Giada\AppData\Local\Programs\MiKTeX 2.9\tex\latex\amsmath\amsopn.sty
"
Package: amsopn 1999/12/14 v2.01 operator names
)
\inf@bad=\count94
LaTeX Info: Redefining \frac on input line 210.
\uproot@=\count95
\leftroot@=\count96
LaTeX Info: Redefining \overline on input line 306.
\classnum@=\count97
\DOTSCASE@=\count98
LaTeX Info: Redefining \ldots on input line 378.
LaTeX Info: Redefining \dots on input line 381.
LaTeX Info: Redefining \cdots on input line 466.
\Mathstrutbox@=\box26
\strutbox@=\box27
\big@size=\dimen108
LaTeX Font Info:    Redeclaring font encoding OML on input line 566.
LaTeX Font Info:    Redeclaring font encoding OMS on input line 567.
\macc@depth=\count99
\c@MaxMatrixCols=\count100
\dotsspace@=\muskip10
\c@parentequation=\count101
\dspbrk@lvl=\count102
\tag@help=\toks19
\row@=\count103
\column@=\count104
\maxfields@=\count105
\andhelp@=\toks20
\eqnshift@=\dimen109
\alignsep@=\dimen110
\tagshift@=\dimen111
\tagwidth@=\dimen112
\totwidth@=\dimen113
\lineht@=\dimen114
\@envbody=\toks21
\multlinegap=\skip53
\multlinetaggap=\skip54
\mathdisplay@stack=\toks22
LaTeX Info: Redefining \[ on input line 2665.
LaTeX Info: Redefining \] on input line 2666.
)
("C:\Users\Giada\AppData\Local\Programs\MiKTeX 2.9\tex\latex\amscls\amsthm.sty"
Package: amsthm 2015/03/04 v2.20.2
\thm@style=\toks23
\thm@bodyfont=\toks24
\thm@headfont=\toks25
\thm@notefont=\toks26
\thm@headpunct=\toks27
\thm@preskip=\skip55
\thm@postskip=\skip56
\thm@headsep=\skip57
\dth@everypar=\toks28
)
("C:\Users\Giada\AppData\Local\Programs\MiKTeX 2.9\tex\latex\hyphenat\hyphenat.
sty"
Package: hyphenat 2009/09/02 v2.3c hyphenation utilities


Package hyphenat Warning: *******************************
(hyphenat)                * You have used the htt option.
(hyphenat)                * You are likely to get many Font Warning messages.
(hyphenat)                * These can usually be ignored.
(hyphenat)                *******************************.

\langwohyphens=\language70
LaTeX Info: Redefining \_ on input line 43.
) (tesi.aux (frontespizio.aux) (dedica.aux) (abstract.aux) (indice.aux)
(capitolo1.aux) (capitolo2.aux) (capitolo3.aux) (capitolo4.aux) (capitolo5.aux)
(capitolo6.aux) (ringraziamenti.aux))
\openout1 = `tesi.aux'.

LaTeX Font Info:    Checking defaults for OML/cmm/m/it on input line 29.
LaTeX Font Info:    ... okay on input line 29.
LaTeX Font Info:    Checking defaults for T1/cmr/m/n on input line 29.
LaTeX Font Info:    ... okay on input line 29.
LaTeX Font Info:    Checking defaults for OT1/cmr/m/n on input line 29.
LaTeX Font Info:    ... okay on input line 29.
LaTeX Font Info:    Checking defaults for OMS/cmsy/m/n on input line 29.
LaTeX Font Info:    ... okay on input line 29.
LaTeX Font Info:    Checking defaults for OMX/cmex/m/n on input line 29.
LaTeX Font Info:    ... okay on input line 29.
LaTeX Font Info:    Checking defaults for U/cmr/m/n on input line 29.
LaTeX Font Info:    ... okay on input line 29.
LaTeX Info: Redefining \it@ocap on input line 29.
LaTeX Info: Redefining \it@ccap on input line 29.

("C:\Users\Giada\AppData\Local\Programs\MiKTeX 2.9\tex\context\base\supp-pdf.mk
ii"
[Loading MPS to PDF converter (version 2006.09.02).]
\scratchcounter=\count106
\scratchdimen=\dimen115
\scratchbox=\box28
\nofMPsegments=\count107
\nofMParguments=\count108
\everyMPshowfont=\toks29
\MPscratchCnt=\count109
\MPscratchDim=\dimen116
\MPnumerator=\count110
\makeMPintoPDFobject=\count111
\everyMPtoPDFconversion=\toks30
)
("C:\Users\Giada\AppData\Local\Programs\MiKTeX 2.9\tex\generic\oberdiek\pdftexc
mds.sty"
Package: pdftexcmds 2011/11/29 v0.20 Utility functions of pdfTeX for LuaTeX (HO
)

("C:\Users\Giada\AppData\Local\Programs\MiKTeX 2.9\tex\generic\oberdiek\ifluate
x.sty"
Package: ifluatex 2010/03/01 v1.3 Provides the ifluatex switch (HO)
Package ifluatex Info: LuaTeX not detected.
)
("C:\Users\Giada\AppData\Local\Programs\MiKTeX 2.9\tex\generic\oberdiek\ifpdf.s
ty"
Package: ifpdf 2011/01/30 v2.3 Provides the ifpdf switch (HO)
Package ifpdf Info: pdfTeX in PDF mode is detected.
)
Package pdftexcmds Info: LuaTeX not detected.
Package pdftexcmds Info: \pdf@primitive is available.
Package pdftexcmds Info: \pdf@ifprimitive is available.
Package pdftexcmds Info: \pdfdraftmode found.
)
("C:\Users\Giada\AppData\Local\Programs\MiKTeX 2.9\tex\latex\oberdiek\epstopdf-
base.sty"
Package: epstopdf-base 2010/02/09 v2.5 Base part for package epstopdf

("C:\Users\Giada\AppData\Local\Programs\MiKTeX 2.9\tex\latex\oberdiek\grfext.st
y"
Package: grfext 2010/08/19 v1.1 Manage graphics extensions (HO)

("C:\Users\Giada\AppData\Local\Programs\MiKTeX 2.9\tex\generic\oberdiek\kvdefin
ekeys.sty"
Package: kvdefinekeys 2011/04/07 v1.3 Define keys (HO)
))
("C:\Users\Giada\AppData\Local\Programs\MiKTeX 2.9\tex\latex\oberdiek\kvoptions
.sty"
Package: kvoptions 2011/06/30 v3.11 Key value format for package options (HO)

("C:\Users\Giada\AppData\Local\Programs\MiKTeX 2.9\tex\generic\oberdiek\kvsetke
ys.sty"
Package: kvsetkeys 2012/04/25 v1.16 Key value parser (HO)

("C:\Users\Giada\AppData\Local\Programs\MiKTeX 2.9\tex\generic\oberdiek\etexcmd
s.sty"
Package: etexcmds 2011/02/16 v1.5 Avoid name clashes with e-TeX commands (HO)
Package etexcmds Info: Could not find \expanded.
(etexcmds)             That can mean that you are not using pdfTeX 1.50 or
(etexcmds)             that some package has redefined \expanded.
(etexcmds)             In the latter case, load this package earlier.
)))
Package grfext Info: Graphics extension search list:
(grfext)             [.png,.pdf,.jpg,.mps,.jpeg,.jbig2,.jb2,.PNG,.PDF,.JPG,.JPE
G,.JBIG2,.JB2,.eps]
(grfext)             \AppendGraphicsExtensions on input line 452.
)
LaTeX Font Info:    Try loading font information for T1+cmtt on input line 29.

("C:\Users\Giada\AppData\Local\Programs\MiKTeX 2.9\tex\latex\base\t1cmtt.fd"
File: t1cmtt.fd 2014/09/29 v2.5h Standard LaTeX font definitions
)

LaTeX Font Warning: Font shape `T1/cmtt/b/n' undefined
(Font)              using `T1/cmtt/m/n' instead on input line 29.


LaTeX Font Warning: Font shape `T1/cmtt/b/it' undefined
(Font)              using `T1/cmtt/b/n' instead on input line 29.


LaTeX Font Warning: Font shape `T1/cmtt/b/sl' undefined
(Font)              using `T1/cmtt/b/n' instead on input line 29.


LaTeX Font Warning: Font shape `T1/cmtt/b/sc' undefined
(Font)              using `T1/cmtt/b/n' instead on input line 29.

LaTeX Font Info:    Font shape `T1/cmtt/bx/n' in size <12> not available
(Font)              Font shape `T1/cmtt/m/n' tried instead on input line 29.
LaTeX Font Info:    Font shape `T1/cmtt/bx/it' in size <12> not available
(Font)              Font shape `T1/cmtt/m/it' tried instead on input line 29.

LaTeX Font Warning: Font shape `T1/cmtt/bx/sl' undefined
(Font)              using `T1/cmtt/bx/n' instead on input line 29.


LaTeX Font Warning: Font shape `T1/cmtt/bx/sc' undefined
(Font)              using `T1/cmtt/bx/n' instead on input line 29.


LaTeX Font Warning: Font shape `T1/cmtt/sb/n' undefined
(Font)              using `T1/cmtt/m/n' instead on input line 29.


LaTeX Font Warning: Font shape `T1/cmtt/sb/it' undefined
(Font)              using `T1/cmtt/sb/n' instead on input line 29.


LaTeX Font Warning: Font shape `T1/cmtt/sb/sl' undefined
(Font)              using `T1/cmtt/sb/n' instead on input line 29.


LaTeX Font Warning: Font shape `T1/cmtt/sb/sc' undefined
(Font)              using `T1/cmtt/sb/n' instead on input line 29.


LaTeX Font Warning: Font shape `T1/cmtt/c/n' undefined
(Font)              using `T1/cmtt/m/n' instead on input line 29.


LaTeX Font Warning: Font shape `T1/cmtt/c/it' undefined
(Font)              using `T1/cmtt/c/n' instead on input line 29.


LaTeX Font Warning: Font shape `T1/cmtt/c/sl' undefined
(Font)              using `T1/cmtt/c/n' instead on input line 29.


LaTeX Font Warning: Font shape `T1/cmtt/c/sc' undefined
(Font)              using `T1/cmtt/c/n' instead on input line 29.


LaTeX Font Warning: Font shape `T1/cmtt/l/n' undefined
(Font)              using `T1/cmtt/m/n' instead on input line 29.


LaTeX Font Warning: Font shape `T1/cmtt/l/it' undefined
(Font)              using `T1/cmtt/l/n' instead on input line 29.


LaTeX Font Warning: Font shape `T1/cmtt/l/sl' undefined
(Font)              using `T1/cmtt/l/n' instead on input line 29.


LaTeX Font Warning: Font shape `T1/cmtt/l/sc' undefined
(Font)              using `T1/cmtt/l/n' instead on input line 29.


LaTeX Font Warning: Font shape `T1/cmtt/m/ui' undefined
(Font)              using `T1/cmtt/m/n' instead on input line 29.


LaTeX Font Warning: Font shape `T1/cmtt/bx/ui' undefined
(Font)              using `T1/cmtt/bx/n' instead on input line 29.


LaTeX Font Warning: Font shape `T1/cmtt/m/In' undefined
(Font)              using `T1/cmtt/m/n' instead on input line 29.

\openout2 = `frontespizio.aux'.

(frontespizio.tex [1


{C:/Users/Giada/AppData/Local/MiKTeX/2.9/pdftex/config/pdftex.map}]

Package Fancyhdr Warning: \headheight is too small (12.0pt): 
 Make it at least 14.49998pt.
 We now make it that large for the rest of the document.
 This may cause the page layout to be inconsistent, however.

[2])
\openout2 = `dedica.aux'.

 (dedica.tex) [3





] [4



]
\openout2 = `Abstract.aux'.

 (Abstract.tex) [1


] [2



]
\openout2 = `indice.aux'.

 (indice.tex (tesi.toc
LaTeX Font Info:    Try loading font information for U+lasy on input line 5.

("C:\Users\Giada\AppData\Local\Programs\MiKTeX 2.9\tex\latex\base\ulasy.fd"
File: ulasy.fd 1998/08/17 v2.2e LaTeX symbol font definitions
)
LaTeX Font Info:    Try loading font information for U+msa on input line 5.

("C:\Users\Giada\AppData\Local\Programs\MiKTeX 2.9\tex\latex\amsfonts\umsa.fd"
File: umsa.fd 2013/01/14 v3.01 AMS symbols A
)
LaTeX Font Info:    Try loading font information for U+msb on input line 5.
("C:\Users\Giada\AppData\Local\Programs\MiKTeX 2.9\tex\latex\amsfonts\umsb.fd"
File: umsb.fd 2013/01/14 v3.01 AMS symbols B
) [3


])
\tf@toc=\write3
\openout3 = `tesi.toc'.

) [4] (tesi.lof [5




])
\tf@lof=\write4
\openout4 = `tesi.lof'.

 [6]
\openout2 = `capitolo1.aux'.

 (capitolo1.tex
Capitolo 1.

Underfull \vbox (badness 5260) has occurred while \output is active []

 [1




]
[2] [3]) [4]
\openout2 = `capitolo2.aux'.

 (capitolo2.tex
Capitolo 2.
[5



] [6]) [7]
\openout2 = `capitolo3.aux'.

 (capitolo3.tex [8



]
Capitolo 3.
[9] <pictures/OAuthAbstractProtocolFlow.png, id=73, 599.23875pt x 332.74312pt>
File: pictures/OAuthAbstractProtocolFlow.png Graphic file (type png)

<use pictures/OAuthAbstractProtocolFlow.png>
Package pdftex.def Info: pictures/OAuthAbstractProtocolFlow.png used on input l
ine 27.
(pdftex.def)             Requested size: 234.00238pt x 129.93176pt.


LaTeX Warning: `h' float specifier changed to `ht'.

[10]
LaTeX Font Info:    Try loading font information for OMS+cmr on input line 35.
 ("C:\Users\Giada\AppData\Local\Programs\MiKTeX 2.9\tex\latex\base\omscmr.fd"
File: omscmr.fd 2014/09/29 v2.5h Standard LaTeX font definitions
)
LaTeX Font Info:    Font shape `OMS/cmr/m/n' in size <12> not available
(Font)              Font shape `OMS/cmsy/m/n' tried instead on input line 35.
 [11 <./pictures/OAuthAbstractProtocolFlow.png>] [12] [13]
<pictures/UMAPhases.png, id=89, 349.305pt x 371.88937pt>
File: pictures/UMAPhases.png Graphic file (type png)

<use pictures/UMAPhases.png>
Package pdftex.def Info: pictures/UMAPhases.png used on input line 80.
(pdftex.def)             Requested size: 195.0pt x 207.60973pt.


LaTeX Warning: `h' float specifier changed to `ht'.

[14]
Underfull \vbox (badness 6016) has occurred while \output is active []

 [15 <./pictures/UMAPhases.png>]) [16]
\openout2 = `capitolo4.aux'.

 (capitolo4.tex
Capitolo 4.
[17



]
Underfull \vbox (badness 5847) has occurred while \output is active []

 [18]
[19] [20]
Underfull \vbox (badness 10000) has occurred while \output is active []

 [21]
Underfull \vbox (badness 10000) has occurred while \output is active []

 [22]
Overfull \hbox (8.87456pt too wide) in paragraph at lines 83--84
[]\T1/cmr/m/n/12 Alcuni esem-pi uti-liz-za-ti in \T1/cmr/m/it/12 My-Da-ta \T1/c
mr/m/n/12 so-no W3C's Da-ta Ca-ta-log Vocabulary[[]]
 []

) [23]
\openout2 = `capitolo5.aux'.

 (capitolo5.tex [24



]
Capitolo 5.
<pictures/Accounting-closed.png, id=126, 1028.34187pt x 263.48438pt>
File: pictures/Accounting-closed.png Graphic file (type png)

<use pictures/Accounting-closed.png>
Package pdftex.def Info: pictures/Accounting-closed.png used on input line 17.
(pdftex.def)             Requested size: 390.0pt x 99.92809pt.
 [25]
<pictures/Accounting-MyDataUsr.png, id=130, 794.2172pt x 347.79938pt>
File: pictures/Accounting-MyDataUsr.png Graphic file (type png)

<use pictures/Accounting-MyDataUsr.png>
Package pdftex.def Info: pictures/Accounting-MyDataUsr.png used on input line 2
5.
(pdftex.def)             Requested size: 390.0pt x 170.78937pt.


LaTeX Warning: `h' float specifier changed to `ht'.

[26 <./pictures/Accounting-closed.png>]
<pictures/Accounting-Account.png, id=134, 599.23875pt x 245.41687pt>
File: pictures/Accounting-Account.png Graphic file (type png)

<use pictures/Accounting-Account.png>
Package pdftex.def Info: pictures/Accounting-Account.png used on input line 39.

(pdftex.def)             Requested size: 370.49881pt x 151.74121pt.


LaTeX Warning: `h' float specifier changed to `ht'.


Underfull \vbox (badness 10000) has occurred while \output is active []

 [27 <./pictures/Accounting-MyDataUsr.png>]
Underfull \vbox (badness 1122) has occurred while \output is active []

 [28 <./pictures/Accounting-Account.png>]
<pictures/Services-closed.png, id=142, 842.39719pt x 144.54pt>
File: pictures/Services-closed.png Graphic file (type png)

<use pictures/Services-closed.png>
Package pdftex.def Info: pictures/Services-closed.png used on input line 54.
(pdftex.def)             Requested size: 390.0pt x 66.91705pt.

<pictures/Services-open.png, id=143, 740.0147pt x 307.1475pt>
File: pictures/Services-open.png Graphic file (type png)

<use pictures/Services-open.png>
Package pdftex.def Info: pictures/Services-open.png used on input line 62.
(pdftex.def)             Requested size: 390.0pt x 161.87349pt.


LaTeX Warning: `h' float specifier changed to `ht'.

[29 <./pictures/Services-closed.png>] [30 <./pictures/Services-open.png>]
<pictures/MyData.png, id=150, 680.5425pt x 397.485pt>
File: pictures/MyData.png Graphic file (type png)

<use pictures/MyData.png>
Package pdftex.def Info: pictures/MyData.png used on input line 91.
(pdftex.def)             Requested size: 312.00119pt x 182.23273pt.


LaTeX Warning: `h' float specifier changed to `ht'.

[31]
Overfull \hbox (0.94983pt too wide) in paragraph at lines 99--100
\T1/cmtt/l/n/12 Set da-ta-Set, In-put-Da-ta-Con-sent in-Da-ta-Con-sent)\T1/cmr/
m/n/12 . In en-tram-bi i ca-si, vie-
 []

<pictures/Accounting-SecurityManager.png, id=154, 660.96938pt x 220.57407pt>
File: pictures/Accounting-SecurityManager.png Graphic file (type png)

<use pictures/Accounting-SecurityManager.png>
Package pdftex.def Info: pictures/Accounting-SecurityManager.png used on input 
line 106.
(pdftex.def)             Requested size: 390.0pt x 130.15102pt.


LaTeX Warning: `h' float specifier changed to `ht'.


Underfull \vbox (badness 10000) has occurred while \output is active []

 [32 <./pictures/MyData.png>]
<pictures/ServiceRegistry.png, id=158, 274.02374pt x 214.55156pt>
File: pictures/ServiceRegistry.png Graphic file (type png)

<use pictures/ServiceRegistry.png>
Package pdftex.def Info: pictures/ServiceRegistry.png used on input line 122.
(pdftex.def)             Requested size: 195.0pt x 152.67969pt.


LaTeX Warning: `h' float specifier changed to `ht'.

[33 <./pictures/Accounting-SecurityManager.png>]
Overfull \hbox (21.71895pt too wide) in paragraph at lines 130--131
\T1/cmtt/l/n/12 Set<String> ty-pes) \T1/cmr/m/n/12 e \T1/cmtt/l/n/12 Set<String
> get-Me-ta-da-ta-For-Ser-vi-ce(IService ser-
 []

<pictures/Auth-closed.png, id=163, 1162.3425pt x 392.96812pt>
File: pictures/Auth-closed.png Graphic file (type png)

<use pictures/Auth-closed.png>
Package pdftex.def Info: pictures/Auth-closed.png used on input line 135.
(pdftex.def)             Requested size: 390.0pt x 131.8505pt.


LaTeX Warning: `h' float specifier changed to `ht'.


Underfull \vbox (badness 10000) has occurred while \output is active []

 [34 <./pictures/ServiceRegistry.png>]
<pictures/Auth-CM.png, id=167, 606.76688pt x 362.10281pt>
File: pictures/Auth-CM.png Graphic file (type png)

<use pictures/Auth-CM.png>
Package pdftex.def Info: pictures/Auth-CM.png used on input line 146.
(pdftex.def)             Requested size: 390.0pt x 232.74507pt.


LaTeX Warning: `h' float specifier changed to `ht'.


Underfull \vbox (badness 1552) has occurred while \output is active []

 [35 <./pictures/Auth-closed.png>]
Overfull \hbox (2.1931pt too wide) in paragraph at lines 156--157
\T1/cmtt/l/n/12 Ser-vi-ce (IU-ser user, ISer-vi-ce ser-vi-ce, Con-sen-tSta-tus 
new-Sta-tus)\T1/cmr/m/n/12 ,
 []

<pictures/Auth-Consents.png, id=171, 1157.07281pt x 620.3175pt>
File: pictures/Auth-Consents.png Graphic file (type png)

<use pictures/Auth-Consents.png>
Package pdftex.def Info: pictures/Auth-Consents.png used on input line 161.
(pdftex.def)             Requested size: 390.0pt x 209.07835pt.

Underfull \vbox (badness 10000) has occurred while \output is active []

 [36 <./pictures/Auth-CM.png>] [37 <./pictures/Auth-Consents.png>]
Underfull \vbox (badness 4752) has occurred while \output is active []

 [38]
[39] <pictures/PersonalDataVault.png, id=185, 522.45187pt x 373.395pt>
File: pictures/PersonalDataVault.png Graphic file (type png)

<use pictures/PersonalDataVault.png>
Package pdftex.def Info: pictures/PersonalDataVault.png used on input line 203.

(pdftex.def)             Requested size: 312.00119pt x 222.99037pt.


LaTeX Warning: `h' float specifier changed to `ht'.

[40]
Overfull \hbox (11.89346pt too wide) in paragraph at lines 209--210
[]\T1/cmr/m/n/12 L'interfaccia \T1/cmtt/l/n/12 IPer-so-nal-Da-ta-Vault \T1/cmr/
m/n/12 espo-ne i me-to-di \T1/cmtt/l/n/12 get-Da-ta (Set<String>
 []

[41 <./pictures/PersonalDataVault.png>]
<pictures/Metadata.png, id=192, 369.63094pt x 168.63pt>
File: pictures/Metadata.png Graphic file (type png)

<use pictures/Metadata.png>
Package pdftex.def Info: pictures/Metadata.png used on input line 219.
(pdftex.def)             Requested size: 272.99881pt x 124.54494pt.
 [42 <./pictures/Metadata.png>]
<pictures/IDataSet.png, id=196, 500.62032pt x 217.5628pt>
File: pictures/IDataSet.png Graphic file (type png)

<use pictures/IDataSet.png>
Package pdftex.def Info: pictures/IDataSet.png used on input line 233.
(pdftex.def)             Requested size: 390.0pt x 169.49579pt.


LaTeX Warning: `h' float specifier changed to `ht'.

[43] [44 <./pictures/IDataSet.png>] [45]
<pictures/welcomePanel.png, id=207, 277.78781pt x 140.77594pt>
File: pictures/welcomePanel.png Graphic file (type png)

<use pictures/welcomePanel.png>
Package pdftex.def Info: pictures/welcomePanel.png used on input line 273.
(pdftex.def)             Requested size: 195.0pt x 98.82172pt.

<pictures/exampleConsentInProj.png, id=208, 286.06876pt x 297.36093pt>
File: pictures/exampleConsentInProj.png Graphic file (type png)

<use pictures/exampleConsentInProj.png>
Package pdftex.def Info: pictures/exampleConsentInProj.png used on input line 2
79.
(pdftex.def)             Requested size: 195.0pt x 202.69733pt.

<pictures/MLNTPanel.png, id=209, 889.07156pt x 557.08125pt>
File: pictures/MLNTPanel.png Graphic file (type png)

<use pictures/MLNTPanel.png>
Package pdftex.def Info: pictures/MLNTPanel.png used on input line 286.
(pdftex.def)             Requested size: 331.50238pt x 207.7149pt.

<pictures/DataConsentFrame.png, id=210, 421.575pt x 213.79875pt>
File: pictures/DataConsentFrame.png Graphic file (type png)

<use pictures/DataConsentFrame.png>
Package pdftex.def Info: pictures/DataConsentFrame.png used on input line 298.
(pdftex.def)             Requested size: 195.0pt x 98.89342pt.
) [46] [47 <./pictures/welcomePanel.png> <./pictures/exampleConsentInProj.png>]
 [48 <./pictures/MLNTPanel.png> <./pictures/DataConsentFrame.png>]
\openout2 = `capitolo6.aux'.

 (capitolo6.tex
Capitolo 6.

Underfull \vbox (badness 2689) has occurred while \output is active []

 [49



]
Underfull \vbox (badness 1406) has occurred while \output is active []

 [50])
[51] [52



] (tesi.bbl [53

] [54]) [55] [56


]
\openout2 = `ringraziamenti.aux'.

 (ringraziamenti.tex) [57


] (tesi.aux
(frontespizio.aux) (dedica.aux) (Abstract.aux) (indice.aux) (capitolo1.aux)
(capitolo2.aux) (capitolo3.aux) (capitolo4.aux) (capitolo5.aux) (capitolo6.aux)
(ringraziamenti.aux))

LaTeX Font Warning: Some font shapes were not available, defaults substituted.

 ) 
Here is how much of TeX's memory you used:
 4312 strings out of 493622
 57406 string characters out of 3135139
 124704 words of memory out of 3000000
 7488 multiletter control sequences out of 15000+200000
 19776 words of font info for 52 fonts, out of 3000000 for 9000
 1027 hyphenation exceptions out of 8191
 38i,11n,43p,1425b,390s stack positions out of 5000i,500n,10000p,200000b,50000s
 <C:\Users\Giada\AppData\Local\MiKTeX\2.9\fonts\pk\ljfour\jknappen\ec\dpi600\
ecbx1728.pk> <C:\Users\Giada\AppData\Local\MiKTeX\2.9\fonts\pk\ljfour\jknappen\
ec\dpi600\ectt1200.pk> <C:\Users\Giada\AppData\Local\MiKTeX\2.9\fonts\pk\ljfour
\jknappen\ec\dpi600\ecsl1200.pk> <C:\Users\Giada\AppData\Local\MiKTeX\2.9\fonts
\pk\ljfour\jknappen\ec\dpi600\ecti1200.pk> <C:\Users\Giada\AppData\Local\MiKTeX
\2.9\fonts\pk\ljfour\jknappen\ec\dpi600\ecbx2488.pk> <C:\Users\Giada\AppData\Lo
cal\MiKTeX\2.9\fonts\pk\ljfour\jknappen\ec\dpi600\ecti1728.pk> <C:\Users\Giada\
AppData\Local\MiKTeX\2.9\fonts\pk\ljfour\jknappen\ec\dpi600\ecrm1200.pk> <C:\Us
ers\Giada\AppData\Local\MiKTeX\2.9\fonts\pk\ljfour\jknappen\ec\dpi600\ecbx1200.
pk> <C:\Users\Giada\AppData\Local\MiKTeX\2.9\fonts\pk\ljfour\jknappen\ec\dpi600
\ecbx2074.pk> <C:\Users\Giada\AppData\Local\MiKTeX\2.9\fonts\pk\ljfour\jknappen
\ec\dpi600\ecrm1440.pk> <C:\Users\Giada\AppData\Local\MiKTeX\2.9\fonts\pk\ljfou
r\jknappen\ec\dpi600\ecbx1440.pk><C:/Users/Giada/AppData/Local/Programs/MiKTeX 
2.9/fonts/type1/public/amsfonts/cm/cmsy10.pfb>
Output written on tesi.pdf (67 pages, 696206 bytes).
PDF statistics:
 784 PDF objects out of 1000 (max. 8388607)
 0 named destinations out of 1000 (max. 500000)
 101 words of extra memory for PDF output out of 10000 (max. 10000000)

